<?xml version="1.0" encoding="UTF-8"?>
<!-- Generated by org.testng.reporters.JUnitReportReporter -->
<testsuite skipped="0" hostname="DESKTOP-GFJSI9L" name="project.FixMyBugs" tests="1" failures="0" timestamp="16 Sep 2018 14:59:22 GMT" time="27.049" errors="0">
  <testcase name="main" time="27.049" classname="project.FixMyBugs"/>
</testsuite> <!-- project.FixMyBugs -->
