<?xml version="1.0" encoding="UTF-8"?>
<!-- Generated by org.testng.reporters.JUnitReportReporter -->
<testsuite skipped="0" hostname="DESKTOP-GFJSI9L" name="testcase.TC002_CreateLead" tests="2" failures="0" timestamp="22 Sep 2018 04:38:52 GMT" time="39.190" errors="0">
  <testcase name="createLead" time="20.757" classname="testcase.TC002_CreateLead"/>
  <testcase name="createLead" time="18.433" classname="testcase.TC002_CreateLead"/>
</testsuite> <!-- testcase.TC002_CreateLead -->
