<?xml version="1.0" encoding="UTF-8"?>
<!-- Generated by org.testng.reporters.JUnitReportReporter -->
<testsuite skipped="0" hostname="DESKTOP-GFJSI9L" name="week6.day1.TC006_MergeLead" tests="2" failures="0" timestamp="22 Sep 2018 18:25:19 GMT" time="40.472" errors="0">
  <testcase name="duplicateLead" time="20.286" classname="week6.day1.TC006_MergeLead"/>
  <testcase name="duplicateLead" time="20.186" classname="week6.day1.TC006_MergeLead"/>
</testsuite> <!-- week6.day1.TC006_MergeLead -->
