<?xml version="1.0" encoding="UTF-8"?>
<!-- Generated by org.testng.reporters.JUnitReportReporter -->
<testsuite skipped="0" hostname="DESKTOP-GFJSI9L" name="project.ZoomCar" tests="1" failures="0" timestamp="16 Sep 2018 18:13:22 GMT" time="21.200" errors="0">
  <testcase name="zoom" time="21.200" classname="project.ZoomCar"/>
</testsuite> <!-- project.ZoomCar -->
