<?xml version="1.0" encoding="UTF-8"?>
<!-- Generated by org.testng.reporters.JUnitReportReporter -->
<testsuite skipped="0" hostname="DESKTOP-GFJSI9L" name="week6.day1.TC004_DeleteLead" tests="3" failures="0" timestamp="22 Sep 2018 18:11:20 GMT" time="63.535" errors="0">
  <testcase name="deleteLead" time="20.835" classname="week6.day1.TC004_DeleteLead"/>
  <testcase name="deleteLead" time="18.822" classname="week6.day1.TC004_DeleteLead"/>
  <testcase name="deleteLead" time="23.878" classname="week6.day1.TC004_DeleteLead"/>
</testsuite> <!-- week6.day1.TC004_DeleteLead -->
