<?xml version="1.0" encoding="UTF-8"?>
<!-- Generated by org.testng.reporters.JUnitReportReporter -->
<testsuite skipped="0" hostname="DESKTOP-GFJSI9L" name="testcase.TC004_DeleteLead" tests="1" failures="0" timestamp="22 Sep 2018 04:38:52 GMT" time="23.502" errors="0">
  <testcase name="deleteLead" time="23.502" classname="testcase.TC004_DeleteLead"/>
</testsuite> <!-- testcase.TC004_DeleteLead -->
