<?xml version="1.0" encoding="UTF-8"?>
<!-- Generated by org.testng.reporters.JUnitReportReporter -->
<testsuite skipped="0" hostname="DESKTOP-GFJSI9L" name="week6.day1.TC005_DuplicateLead" tests="2" failures="0" timestamp="22 Sep 2018 18:31:26 GMT" time="34.734" errors="0">
  <testcase name="duplicateLead" time="17.347" classname="week6.day1.TC005_DuplicateLead"/>
  <testcase name="duplicateLead" time="17.387" classname="week6.day1.TC005_DuplicateLead"/>
</testsuite> <!-- week6.day1.TC005_DuplicateLead -->
