<?xml version="1.0" encoding="UTF-8"?>
<!-- Generated by org.testng.reporters.JUnitReportReporter -->
<testsuite skipped="0" hostname="DESKTOP-GFJSI9L" name="testcase.TC006_MergeLead" tests="1" failures="0" timestamp="16 Sep 2018 14:35:44 GMT" time="18.787" errors="0">
  <testcase name="duplicateLead" time="18.787" classname="testcase.TC006_MergeLead"/>
</testsuite> <!-- testcase.TC006_MergeLead -->
