<?xml version="1.0" encoding="UTF-8"?>
<!-- Generated by org.testng.reporters.JUnitReportReporter -->
<testsuite skipped="0" hostname="DESKTOP-GFJSI9L" name="week6.day1.TC002_CreateLead" tests="2" failures="0" timestamp="23 Sep 2018 05:09:57 GMT" time="39.584" errors="0">
  <testcase name="createLead" time="21.357" classname="week6.day1.TC002_CreateLead"/>
  <testcase name="createLead" time="18.227" classname="week6.day1.TC002_CreateLead"/>
</testsuite> <!-- week6.day1.TC002_CreateLead -->
