<?xml version="1.0" encoding="UTF-8"?>
<!-- Generated by org.testng.reporters.JUnitReportReporter -->
<testsuite skipped="0" hostname="DESKTOP-GFJSI9L" name="testcase.TC003_EditLead" tests="1" failures="0" timestamp="22 Sep 2018 04:14:23 GMT" time="25.257" errors="0">
  <testcase name="editLead" time="25.257" classname="testcase.TC003_EditLead"/>
</testsuite> <!-- testcase.TC003_EditLead -->
