<?xml version="1.0" encoding="UTF-8"?>
<!-- Generated by org.testng.reporters.JUnitReportReporter -->
<testsuite skipped="0" hostname="DESKTOP-GFJSI9L" name="testcasesPOM.TC001_CreateLead" tests="2" failures="0" timestamp="29 Sep 2018 19:37:13 GMT" time="23.475" errors="0">
  <testcase name="createLead" time="11.635" classname="testcasesPOM.TC001_CreateLead"/>
  <testcase name="createLead" time="11.840" classname="testcasesPOM.TC001_CreateLead"/>
</testsuite> <!-- testcasesPOM.TC001_CreateLead -->
